<?xml version="1.0" encoding="UTF-8"?>
<coverage generated="1674922743752" clover="3.2.0">
  <project timestamp="1674922743752" name="All files">
    <metrics statements="67" coveredstatements="63" conditionals="2" coveredconditionals="2" methods="25" coveredmethods="22" elements="94" coveredelements="87" complexity="0" loc="67" ncloc="67" packages="8" files="29" classes="29"/>
    <package name="src">
      <metrics statements="5" coveredstatements="3" conditionals="0" coveredconditionals="0" methods="2" coveredmethods="0"/>
      <file name="app.composer.tsx" path="/Users/Danillo/development/projects/template_grunkle/src/app.composer.tsx">
        <metrics statements="5" coveredstatements="3" conditionals="0" coveredconditionals="0" methods="2" coveredmethods="0"/>
        <line num="15" count="4" type="stmt"/>
        <line num="17" count="4" type="stmt"/>
        <line num="19" count="4" type="stmt"/>
        <line num="20" count="0" type="stmt"/>
        <line num="24" count="0" type="stmt"/>
      </file>
    </package>
    <package name="src.components.box">
      <metrics statements="7" coveredstatements="7" conditionals="0" coveredconditionals="0" methods="1" coveredmethods="1"/>
      <file name="box.comp.tsx" path="/Users/Danillo/development/projects/template_grunkle/src/components/box/box.comp.tsx">
        <metrics statements="6" coveredstatements="6" conditionals="0" coveredconditionals="0" methods="1" coveredmethods="1"/>
        <line num="7" count="4" type="stmt"/>
        <line num="8" count="4" type="stmt"/>
        <line num="9" count="4" type="stmt"/>
        <line num="10" count="4" type="stmt"/>
        <line num="12" count="4" type="stmt"/>
        <line num="32" count="4" type="stmt"/>
      </file>
      <file name="box.styles.ts" path="/Users/Danillo/development/projects/template_grunkle/src/components/box/box.styles.ts">
        <metrics statements="1" coveredstatements="1" conditionals="0" coveredconditionals="0" methods="0" coveredmethods="0"/>
        <line num="3" count="4" type="stmt"/>
      </file>
      <file name="box.types.ts" path="/Users/Danillo/development/projects/template_grunkle/src/components/box/box.types.ts">
        <metrics statements="0" coveredstatements="0" conditionals="0" coveredconditionals="0" methods="0" coveredmethods="0"/>
      </file>
      <file name="index.ts" path="/Users/Danillo/development/projects/template_grunkle/src/components/box/index.ts">
        <metrics statements="0" coveredstatements="0" conditionals="0" coveredconditionals="0" methods="0" coveredmethods="0"/>
      </file>
    </package>
    <package name="src.components.screen">
      <metrics statements="12" coveredstatements="12" conditionals="2" coveredconditionals="2" methods="2" coveredmethods="2"/>
      <file name="index.ts" path="/Users/Danillo/development/projects/template_grunkle/src/components/screen/index.ts">
        <metrics statements="0" coveredstatements="0" conditionals="0" coveredconditionals="0" methods="0" coveredmethods="0"/>
      </file>
      <file name="screen.comp.tsx" path="/Users/Danillo/development/projects/template_grunkle/src/components/screen/screen.comp.tsx">
        <metrics statements="9" coveredstatements="9" conditionals="2" coveredconditionals="2" methods="2" coveredmethods="2"/>
        <line num="7" count="4" type="stmt"/>
        <line num="13" count="4" type="stmt"/>
        <line num="14" count="4" type="stmt"/>
        <line num="16" count="4" type="stmt"/>
        <line num="17" count="4" type="cond" truecount="2" falsecount="0"/>
        <line num="18" count="2" type="stmt"/>
        <line num="27" count="2" type="stmt"/>
        <line num="34" count="4" type="stmt"/>
        <line num="41" count="4" type="stmt"/>
      </file>
      <file name="screen.styles.ts" path="/Users/Danillo/development/projects/template_grunkle/src/components/screen/screen.styles.ts">
        <metrics statements="3" coveredstatements="3" conditionals="0" coveredconditionals="0" methods="0" coveredmethods="0"/>
        <line num="3" count="4" type="stmt"/>
        <line num="7" count="4" type="stmt"/>
        <line num="12" count="4" type="stmt"/>
      </file>
      <file name="screen.types.ts" path="/Users/Danillo/development/projects/template_grunkle/src/components/screen/screen.types.ts">
        <metrics statements="0" coveredstatements="0" conditionals="0" coveredconditionals="0" methods="0" coveredmethods="0"/>
      </file>
    </package>
    <package name="src.components.typography">
      <metrics statements="5" coveredstatements="5" conditionals="0" coveredconditionals="0" methods="1" coveredmethods="1"/>
      <file name="index.ts" path="/Users/Danillo/development/projects/template_grunkle/src/components/typography/index.ts">
        <metrics statements="0" coveredstatements="0" conditionals="0" coveredconditionals="0" methods="0" coveredmethods="0"/>
      </file>
      <file name="typography.comp.tsx" path="/Users/Danillo/development/projects/template_grunkle/src/components/typography/typography.comp.tsx">
        <metrics statements="4" coveredstatements="4" conditionals="0" coveredconditionals="0" methods="1" coveredmethods="1"/>
        <line num="7" count="4" type="stmt"/>
        <line num="14" count="4" type="stmt"/>
        <line num="15" count="4" type="stmt"/>
        <line num="22" count="4" type="stmt"/>
      </file>
      <file name="typography.styles.ts" path="/Users/Danillo/development/projects/template_grunkle/src/components/typography/typography.styles.ts">
        <metrics statements="1" coveredstatements="1" conditionals="0" coveredconditionals="0" methods="0" coveredmethods="0"/>
        <line num="3" count="4" type="stmt"/>
      </file>
      <file name="typography.types.ts" path="/Users/Danillo/development/projects/template_grunkle/src/components/typography/typography.types.ts">
        <metrics statements="0" coveredstatements="0" conditionals="0" coveredconditionals="0" methods="0" coveredmethods="0"/>
      </file>
    </package>
    <package name="src.navigation">
      <metrics statements="5" coveredstatements="3" conditionals="0" coveredconditionals="0" methods="1" coveredmethods="0"/>
      <file name="navigator.comp.tsx" path="/Users/Danillo/development/projects/template_grunkle/src/navigation/navigator.comp.tsx">
        <metrics statements="4" coveredstatements="2" conditionals="0" coveredconditionals="0" methods="1" coveredmethods="0"/>
        <line num="10" count="4" type="stmt"/>
        <line num="12" count="4" type="stmt"/>
        <line num="13" count="0" type="stmt"/>
        <line num="15" count="0" type="stmt"/>
      </file>
      <file name="routes.ts" path="/Users/Danillo/development/projects/template_grunkle/src/navigation/routes.ts">
        <metrics statements="1" coveredstatements="1" conditionals="0" coveredconditionals="0" methods="0" coveredmethods="0"/>
        <line num="3" count="4" type="stmt"/>
      </file>
    </package>
    <package name="src.screens.home">
      <metrics statements="4" coveredstatements="4" conditionals="0" coveredconditionals="0" methods="1" coveredmethods="1"/>
      <file name="home.screen.tsx" path="/Users/Danillo/development/projects/template_grunkle/src/screens/home/home.screen.tsx">
        <metrics statements="2" coveredstatements="2" conditionals="0" coveredconditionals="0" methods="1" coveredmethods="1"/>
        <line num="11" count="4" type="stmt"/>
        <line num="12" count="1" type="stmt"/>
      </file>
      <file name="home.styles.ts" path="/Users/Danillo/development/projects/template_grunkle/src/screens/home/home.styles.ts">
        <metrics statements="2" coveredstatements="2" conditionals="0" coveredconditionals="0" methods="0" coveredmethods="0"/>
        <line num="3" count="4" type="stmt"/>
        <line num="9" count="4" type="stmt"/>
      </file>
      <file name="home.types.ts" path="/Users/Danillo/development/projects/template_grunkle/src/screens/home/home.types.ts">
        <metrics statements="0" coveredstatements="0" conditionals="0" coveredconditionals="0" methods="0" coveredmethods="0"/>
      </file>
      <file name="index.ts" path="/Users/Danillo/development/projects/template_grunkle/src/screens/home/index.ts">
        <metrics statements="0" coveredstatements="0" conditionals="0" coveredconditionals="0" methods="0" coveredmethods="0"/>
      </file>
    </package>
    <package name="src.tests">
      <metrics statements="4" coveredstatements="4" conditionals="0" coveredconditionals="0" methods="2" coveredmethods="2"/>
      <file name="index.tsx" path="/Users/Danillo/development/projects/template_grunkle/src/tests/index.tsx">
        <metrics statements="4" coveredstatements="4" conditionals="0" coveredconditionals="0" methods="2" coveredmethods="2"/>
        <line num="10" count="4" type="stmt"/>
        <line num="11" count="7" type="stmt"/>
        <line num="18" count="4" type="stmt"/>
        <line num="19" count="7" type="stmt"/>
      </file>
    </package>
    <package name="src.theme">
      <metrics statements="25" coveredstatements="25" conditionals="0" coveredconditionals="0" methods="15" coveredmethods="15"/>
      <file name="colors.ts" path="/Users/Danillo/development/projects/template_grunkle/src/theme/colors.ts">
        <metrics statements="1" coveredstatements="1" conditionals="0" coveredconditionals="0" methods="0" coveredmethods="0"/>
        <line num="1" count="4" type="stmt"/>
      </file>
      <file name="fonts.ts" path="/Users/Danillo/development/projects/template_grunkle/src/theme/fonts.ts">
        <metrics statements="2" coveredstatements="2" conditionals="0" coveredconditionals="0" methods="0" coveredmethods="0"/>
        <line num="1" count="4" type="stmt"/>
        <line num="13" count="4" type="stmt"/>
      </file>
      <file name="media.ts" path="/Users/Danillo/development/projects/template_grunkle/src/theme/media.ts">
        <metrics statements="1" coveredstatements="1" conditionals="0" coveredconditionals="0" methods="0" coveredmethods="0"/>
        <line num="1" count="4" type="stmt"/>
      </file>
      <file name="radii.ts" path="/Users/Danillo/development/projects/template_grunkle/src/theme/radii.ts">
        <metrics statements="1" coveredstatements="1" conditionals="0" coveredconditionals="0" methods="0" coveredmethods="0"/>
        <line num="1" count="4" type="stmt"/>
      </file>
      <file name="space.ts" path="/Users/Danillo/development/projects/template_grunkle/src/theme/space.ts">
        <metrics statements="1" coveredstatements="1" conditionals="0" coveredconditionals="0" methods="0" coveredmethods="0"/>
        <line num="1" count="4" type="stmt"/>
      </file>
      <file name="theme.config.ts" path="/Users/Danillo/development/projects/template_grunkle/src/theme/theme.config.ts">
        <metrics statements="1" coveredstatements="1" conditionals="0" coveredconditionals="0" methods="0" coveredmethods="0"/>
        <line num="10" count="4" type="stmt"/>
      </file>
      <file name="theme.ts" path="/Users/Danillo/development/projects/template_grunkle/src/theme/theme.ts">
        <metrics statements="1" coveredstatements="1" conditionals="0" coveredconditionals="0" methods="0" coveredmethods="0"/>
        <line num="6" count="4" type="stmt"/>
      </file>
      <file name="theme.utils.ts" path="/Users/Danillo/development/projects/template_grunkle/src/theme/theme.utils.ts">
        <metrics statements="16" coveredstatements="16" conditionals="0" coveredconditionals="0" methods="15" coveredmethods="15"/>
        <line num="1" count="4" type="stmt"/>
        <line num="3" count="8" type="stmt"/>
        <line num="4" count="4" type="stmt"/>
        <line num="5" count="4" type="stmt"/>
        <line num="6" count="4" type="stmt"/>
        <line num="7" count="4" type="stmt"/>
        <line num="8" count="4" type="stmt"/>
        <line num="9" count="4" type="stmt"/>
        <line num="11" count="4" type="stmt"/>
        <line num="12" count="4" type="stmt"/>
        <line num="13" count="4" type="stmt"/>
        <line num="14" count="4" type="stmt"/>
        <line num="15" count="4" type="stmt"/>
        <line num="16" count="4" type="stmt"/>
        <line num="17" count="4" type="stmt"/>
        <line num="19" count="8" type="stmt"/>
      </file>
      <file name="z-indixes.ts" path="/Users/Danillo/development/projects/template_grunkle/src/theme/z-indixes.ts">
        <metrics statements="1" coveredstatements="1" conditionals="0" coveredconditionals="0" methods="0" coveredmethods="0"/>
        <line num="1" count="4" type="stmt"/>
      </file>
    </package>
  </project>
</coverage>
