{"/Users/Danillo/development/projects/template_grunkle/src/app.composer.tsx": {"path":"/Users/Danillo/development/projects/template_grunkle/src/app.composer.tsx","statementMap":{"0":{"start":{"line":15,"column":27},"end":{"line":15,"column":44}},"1":{"start":{"line":17,"column":0},"end":{"line":17,"column":27}},"2":{"start":{"line":19,"column":20},"end":{"line":31,"column":1}},"3":{"start":{"line":20,"column":2},"end":{"line":30,"column":4}},"4":{"start":{"line":24,"column":25},"end":{"line":24,"column":73}}},"fnMap":{"0":{"name":"(anonymous_0)","decl":{"start":{"line":19,"column":20},"end":{"line":19,"column":21}},"loc":{"start":{"line":19,"column":26},"end":{"line":31,"column":1}},"line":19},"1":{"name":"(anonymous_1)","decl":{"start":{"line":24,"column":19},"end":{"line":24,"column":20}},"loc":{"start":{"line":24,"column":25},"end":{"line":24,"column":73}},"line":24}},"branchMap":{},"s":{"0":4,"1":4,"2":4,"3":0,"4":0},"f":{"0":0,"1":0},"b":{},"_coverageSchema":"1a1c01bbd47fc00a2c39e90264f33305004495a9","hash":"5159075db741ce5ff28080ba7fd3708b6141cffc"}
,"/Users/Danillo/development/projects/template_grunkle/src/components/box/box.comp.tsx": {"path":"/Users/Danillo/development/projects/template_grunkle/src/components/box/box.comp.tsx","statementMap":{"0":{"start":{"line":7,"column":32},"end":{"line":33,"column":1}},"1":{"start":{"line":8,"column":41},"end":{"line":8,"column":46}},"2":{"start":{"line":9,"column":41},"end":{"line":9,"column":46}},"3":{"start":{"line":10,"column":30},"end":{"line":10,"column":35}},"4":{"start":{"line":12,"column":14},"end":{"line":30,"column":3}},"5":{"start":{"line":32,"column":2},"end":{"line":32,"column":69}}},"fnMap":{"0":{"name":"(anonymous_0)","decl":{"start":{"line":7,"column":32},"end":{"line":7,"column":33}},"loc":{"start":{"line":7,"column":60},"end":{"line":33,"column":1}},"line":7}},"branchMap":{},"s":{"0":4,"1":4,"2":4,"3":4,"4":4,"5":4},"f":{"0":4},"b":{},"_coverageSchema":"1a1c01bbd47fc00a2c39e90264f33305004495a9","hash":"462de5e5eb23856b098ecade15056513a833bb77"}
,"/Users/Danillo/development/projects/template_grunkle/src/components/box/box.styles.ts": {"path":"/Users/Danillo/development/projects/template_grunkle/src/components/box/box.styles.ts","statementMap":{"0":{"start":{"line":3,"column":26},"end":{"line":5,"column":2}}},"fnMap":{},"branchMap":{},"s":{"0":4},"f":{},"b":{},"_coverageSchema":"1a1c01bbd47fc00a2c39e90264f33305004495a9","hash":"0bc0d725abd075fa4fb2c527fd5c0563df84f434"}
,"/Users/Danillo/development/projects/template_grunkle/src/components/box/box.types.ts": {"path":"/Users/Danillo/development/projects/template_grunkle/src/components/box/box.types.ts","statementMap":{},"fnMap":{},"branchMap":{},"s":{},"f":{},"b":{},"_coverageSchema":"1a1c01bbd47fc00a2c39e90264f33305004495a9","hash":"eeaeb84f92c7bf26a3efd5bb74ac859e91a4f59a"}
,"/Users/Danillo/development/projects/template_grunkle/src/components/box/index.ts": {"path":"/Users/Danillo/development/projects/template_grunkle/src/components/box/index.ts","statementMap":{},"fnMap":{},"branchMap":{},"s":{},"f":{},"b":{},"_coverageSchema":"1a1c01bbd47fc00a2c39e90264f33305004495a9","hash":"47d235d2ce93ce7d0fe368bfedd0e5bc9cde9a51"}
,"/Users/Danillo/development/projects/template_grunkle/src/components/screen/index.ts": {"path":"/Users/Danillo/development/projects/template_grunkle/src/components/screen/index.ts","statementMap":{},"fnMap":{},"branchMap":{},"s":{},"f":{},"b":{},"_coverageSchema":"1a1c01bbd47fc00a2c39e90264f33305004495a9","hash":"76b2d255e68cdb436c9096f44920a000a100a93d"}
,"/Users/Danillo/development/projects/template_grunkle/src/components/screen/screen.comp.tsx": {"path":"/Users/Danillo/development/projects/template_grunkle/src/components/screen/screen.comp.tsx","statementMap":{"0":{"start":{"line":7,"column":38},"end":{"line":39,"column":1}},"1":{"start":{"line":13,"column":14},"end":{"line":13,"column":29}},"2":{"start":{"line":14,"column":20},"end":{"line":14,"column":26}},"3":{"start":{"line":16,"column":24},"end":{"line":32,"column":3}},"4":{"start":{"line":17,"column":4},"end":{"line":25,"column":5}},"5":{"start":{"line":18,"column":6},"end":{"line":24,"column":8}},"6":{"start":{"line":27,"column":4},"end":{"line":31,"column":6}},"7":{"start":{"line":34,"column":2},"end":{"line":38,"column":4}},"8":{"start":{"line":41,"column":0},"end":{"line":45,"column":2}}},"fnMap":{"0":{"name":"(anonymous_0)","decl":{"start":{"line":7,"column":38},"end":{"line":7,"column":39}},"loc":{"start":{"line":12,"column":6},"end":{"line":39,"column":1}},"line":12},"1":{"name":"(anonymous_1)","decl":{"start":{"line":16,"column":24},"end":{"line":16,"column":25}},"loc":{"start":{"line":16,"column":30},"end":{"line":32,"column":3}},"line":16}},"branchMap":{"0":{"loc":{"start":{"line":17,"column":4},"end":{"line":25,"column":5}},"type":"if","locations":[{"start":{"line":17,"column":4},"end":{"line":25,"column":5}},{"start":{},"end":{}}],"line":17}},"s":{"0":4,"1":4,"2":4,"3":4,"4":4,"5":2,"6":2,"7":4,"8":4},"f":{"0":4,"1":4},"b":{"0":[2,2]},"_coverageSchema":"1a1c01bbd47fc00a2c39e90264f33305004495a9","hash":"02b5b9fc88ac2755ac3ad7357bec47e3dbe26f35"}
,"/Users/Danillo/development/projects/template_grunkle/src/components/screen/screen.styles.ts": {"path":"/Users/Danillo/development/projects/template_grunkle/src/components/screen/screen.styles.ts","statementMap":{"0":{"start":{"line":3,"column":29},"end":{"line":5,"column":2}},"1":{"start":{"line":7,"column":32},"end":{"line":10,"column":2}},"2":{"start":{"line":12,"column":34},"end":{"line":15,"column":2}}},"fnMap":{},"branchMap":{},"s":{"0":4,"1":4,"2":4},"f":{},"b":{},"_coverageSchema":"1a1c01bbd47fc00a2c39e90264f33305004495a9","hash":"30243a190686d824a575b1689cd280f15018f374"}
,"/Users/Danillo/development/projects/template_grunkle/src/components/screen/screen.types.ts": {"path":"/Users/Danillo/development/projects/template_grunkle/src/components/screen/screen.types.ts","statementMap":{},"fnMap":{},"branchMap":{},"s":{},"f":{},"b":{},"_coverageSchema":"1a1c01bbd47fc00a2c39e90264f33305004495a9","hash":"8887002af88c25f549608262b9415f97f81ac32c"}
,"/Users/Danillo/development/projects/template_grunkle/src/components/typography/index.ts": {"path":"/Users/Danillo/development/projects/template_grunkle/src/components/typography/index.ts","statementMap":{},"fnMap":{},"branchMap":{},"s":{},"f":{},"b":{},"_coverageSchema":"1a1c01bbd47fc00a2c39e90264f33305004495a9","hash":"0ae4197cb8c1726e70bd3cb6175761826a9f71f8"}
,"/Users/Danillo/development/projects/template_grunkle/src/components/typography/typography.comp.tsx": {"path":"/Users/Danillo/development/projects/template_grunkle/src/components/typography/typography.comp.tsx","statementMap":{"0":{"start":{"line":7,"column":46},"end":{"line":20,"column":1}},"1":{"start":{"line":14,"column":14},"end":{"line":14,"column":59}},"2":{"start":{"line":15,"column":2},"end":{"line":19,"column":4}},"3":{"start":{"line":22,"column":0},"end":{"line":26,"column":2}}},"fnMap":{"0":{"name":"(anonymous_0)","decl":{"start":{"line":7,"column":46},"end":{"line":7,"column":47}},"loc":{"start":{"line":13,"column":6},"end":{"line":20,"column":1}},"line":13}},"branchMap":{},"s":{"0":4,"1":4,"2":4,"3":4},"f":{"0":4},"b":{},"_coverageSchema":"1a1c01bbd47fc00a2c39e90264f33305004495a9","hash":"1a61107bfcb92fba6f7719bdce0ae61e27ca2ba2"}
,"/Users/Danillo/development/projects/template_grunkle/src/components/typography/typography.styles.ts": {"path":"/Users/Danillo/development/projects/template_grunkle/src/components/typography/typography.styles.ts","statementMap":{"0":{"start":{"line":3,"column":33},"end":{"line":6,"column":2}}},"fnMap":{},"branchMap":{},"s":{"0":4},"f":{},"b":{},"_coverageSchema":"1a1c01bbd47fc00a2c39e90264f33305004495a9","hash":"85f5ec85f8f800da3d4818bba582fa193f1299c8"}
,"/Users/Danillo/development/projects/template_grunkle/src/components/typography/typography.types.ts": {"path":"/Users/Danillo/development/projects/template_grunkle/src/components/typography/typography.types.ts","statementMap":{},"fnMap":{},"branchMap":{},"s":{},"f":{},"b":{},"_coverageSchema":"1a1c01bbd47fc00a2c39e90264f33305004495a9","hash":"e5a7daada3704a3bc8ca4829fc714883ccf5fb78"}
,"/Users/Danillo/development/projects/template_grunkle/src/navigation/navigator.comp.tsx": {"path":"/Users/Danillo/development/projects/template_grunkle/src/navigation/navigator.comp.tsx","statementMap":{"0":{"start":{"line":10,"column":14},"end":{"line":10,"column":62}},"1":{"start":{"line":12,"column":18},"end":{"line":23,"column":1}},"2":{"start":{"line":13,"column":24},"end":{"line":13,"column":46}},"3":{"start":{"line":15,"column":2},"end":{"line":22,"column":4}}},"fnMap":{"0":{"name":"(anonymous_0)","decl":{"start":{"line":12,"column":18},"end":{"line":12,"column":19}},"loc":{"start":{"line":12,"column":24},"end":{"line":23,"column":1}},"line":12}},"branchMap":{},"s":{"0":4,"1":4,"2":0,"3":0},"f":{"0":0},"b":{},"_coverageSchema":"1a1c01bbd47fc00a2c39e90264f33305004495a9","hash":"155a9240c60d89e4040ebc9151056069b0a43eba"}
,"/Users/Danillo/development/projects/template_grunkle/src/navigation/routes.ts": {"path":"/Users/Danillo/development/projects/template_grunkle/src/navigation/routes.ts","statementMap":{"0":{"start":{"line":3,"column":68},"end":{"line":7,"column":1}}},"fnMap":{},"branchMap":{},"s":{"0":4},"f":{},"b":{},"_coverageSchema":"1a1c01bbd47fc00a2c39e90264f33305004495a9","hash":"b18d72431fa38406a2a044137ec85f4f1d3ef6c2"}
,"/Users/Danillo/development/projects/template_grunkle/src/screens/home/home.screen.tsx": {"path":"/Users/Danillo/development/projects/template_grunkle/src/screens/home/home.screen.tsx","statementMap":{"0":{"start":{"line":11,"column":46},"end":{"line":41,"column":1}},"1":{"start":{"line":12,"column":2},"end":{"line":40,"column":4}}},"fnMap":{"0":{"name":"(anonymous_0)","decl":{"start":{"line":11,"column":46},"end":{"line":11,"column":47}},"loc":{"start":{"line":11,"column":52},"end":{"line":41,"column":1}},"line":11}},"branchMap":{},"s":{"0":4,"1":1},"f":{"0":1},"b":{},"_coverageSchema":"1a1c01bbd47fc00a2c39e90264f33305004495a9","hash":"42879ad77f6cabb6ddaeb2f0662eaa5089edeb8d"}
,"/Users/Danillo/development/projects/template_grunkle/src/screens/home/home.styles.ts": {"path":"/Users/Danillo/development/projects/template_grunkle/src/screens/home/home.styles.ts","statementMap":{"0":{"start":{"line":3,"column":31},"end":{"line":7,"column":2}},"1":{"start":{"line":9,"column":31},"end":{"line":12,"column":2}}},"fnMap":{},"branchMap":{},"s":{"0":4,"1":4},"f":{},"b":{},"_coverageSchema":"1a1c01bbd47fc00a2c39e90264f33305004495a9","hash":"7417c12d4549ad8441526a342ef13c64c62b5bfd"}
,"/Users/Danillo/development/projects/template_grunkle/src/screens/home/home.types.ts": {"path":"/Users/Danillo/development/projects/template_grunkle/src/screens/home/home.types.ts","statementMap":{},"fnMap":{},"branchMap":{},"s":{},"f":{},"b":{},"_coverageSchema":"1a1c01bbd47fc00a2c39e90264f33305004495a9","hash":"dc02e9c3b451a95349f1c7a781f74773dc6a221e"}
,"/Users/Danillo/development/projects/template_grunkle/src/screens/home/index.ts": {"path":"/Users/Danillo/development/projects/template_grunkle/src/screens/home/index.ts","statementMap":{},"fnMap":{},"branchMap":{},"s":{},"f":{},"b":{},"_coverageSchema":"1a1c01bbd47fc00a2c39e90264f33305004495a9","hash":"6996ebcc64206ec74f4c128d99016d473ce1f7dc"}
,"/Users/Danillo/development/projects/template_grunkle/src/tests/index.tsx": {"path":"/Users/Danillo/development/projects/template_grunkle/src/tests/index.tsx","statementMap":{"0":{"start":{"line":10,"column":24},"end":{"line":16,"column":1}},"1":{"start":{"line":11,"column":2},"end":{"line":15,"column":4}},"2":{"start":{"line":18,"column":21},"end":{"line":19,"column":54}},"3":{"start":{"line":19,"column":2},"end":{"line":19,"column":54}}},"fnMap":{"0":{"name":"(anonymous_0)","decl":{"start":{"line":10,"column":24},"end":{"line":10,"column":25}},"loc":{"start":{"line":10,"column":47},"end":{"line":16,"column":1}},"line":10},"1":{"name":"(anonymous_1)","decl":{"start":{"line":18,"column":21},"end":{"line":18,"column":22}},"loc":{"start":{"line":19,"column":2},"end":{"line":19,"column":54}},"line":19}},"branchMap":{},"s":{"0":4,"1":7,"2":4,"3":7},"f":{"0":7,"1":7},"b":{},"_coverageSchema":"1a1c01bbd47fc00a2c39e90264f33305004495a9","hash":"c92493fc8e3ee1b245c90dce2ae8e0ee7673306e"}
,"/Users/Danillo/development/projects/template_grunkle/src/theme/colors.ts": {"path":"/Users/Danillo/development/projects/template_grunkle/src/theme/colors.ts","statementMap":{"0":{"start":{"line":1,"column":22},"end":{"line":73,"column":1}}},"fnMap":{},"branchMap":{},"s":{"0":4},"f":{},"b":{},"_coverageSchema":"1a1c01bbd47fc00a2c39e90264f33305004495a9","hash":"9981dfb439c0b86d13c24039d8c8c65e9699f6e5"}
,"/Users/Danillo/development/projects/template_grunkle/src/theme/fonts.ts": {"path":"/Users/Danillo/development/projects/template_grunkle/src/theme/fonts.ts","statementMap":{"0":{"start":{"line":1,"column":21},"end":{"line":11,"column":1}},"1":{"start":{"line":13,"column":25},"end":{"line":24,"column":1}}},"fnMap":{},"branchMap":{},"s":{"0":4,"1":4},"f":{},"b":{},"_coverageSchema":"1a1c01bbd47fc00a2c39e90264f33305004495a9","hash":"17d38fae129835be10cd3cea2279a8141dc220cb"}
,"/Users/Danillo/development/projects/template_grunkle/src/theme/media.ts": {"path":"/Users/Danillo/development/projects/template_grunkle/src/theme/media.ts","statementMap":{"0":{"start":{"line":1,"column":21},"end":{"line":5,"column":1}}},"fnMap":{},"branchMap":{},"s":{"0":4},"f":{},"b":{},"_coverageSchema":"1a1c01bbd47fc00a2c39e90264f33305004495a9","hash":"81641c13d8d08689617bf2fb9bfa043e801fdc83"}
,"/Users/Danillo/development/projects/template_grunkle/src/theme/radii.ts": {"path":"/Users/Danillo/development/projects/template_grunkle/src/theme/radii.ts","statementMap":{"0":{"start":{"line":1,"column":21},"end":{"line":7,"column":1}}},"fnMap":{},"branchMap":{},"s":{"0":4},"f":{},"b":{},"_coverageSchema":"1a1c01bbd47fc00a2c39e90264f33305004495a9","hash":"71ca408f20a76d70a598ca8cdc6df0452b0adcf1"}
,"/Users/Danillo/development/projects/template_grunkle/src/theme/space.ts": {"path":"/Users/Danillo/development/projects/template_grunkle/src/theme/space.ts","statementMap":{"0":{"start":{"line":1,"column":21},"end":{"line":13,"column":1}}},"fnMap":{},"branchMap":{},"s":{"0":4},"f":{},"b":{},"_coverageSchema":"1a1c01bbd47fc00a2c39e90264f33305004495a9","hash":"e23847c292fb6fd1964a262824ed3ccfd150033b"}
,"/Users/Danillo/development/projects/template_grunkle/src/theme/theme.config.ts": {"path":"/Users/Danillo/development/projects/template_grunkle/src/theme/theme.config.ts","statementMap":{"0":{"start":{"line":10,"column":27},"end":{"line":21,"column":1}}},"fnMap":{},"branchMap":{},"s":{"0":4},"f":{},"b":{},"_coverageSchema":"1a1c01bbd47fc00a2c39e90264f33305004495a9","hash":"94b69950f68677b83df26736ef6e117a03a70cda"}
,"/Users/Danillo/development/projects/template_grunkle/src/theme/theme.ts": {"path":"/Users/Danillo/development/projects/template_grunkle/src/theme/theme.ts","statementMap":{"0":{"start":{"line":6,"column":2},"end":{"line":6,"column":29}}},"fnMap":{},"branchMap":{},"s":{"0":4},"f":{},"b":{},"_coverageSchema":"1a1c01bbd47fc00a2c39e90264f33305004495a9","hash":"43fb9e25a37bab88db01956f404165678563312d"}
,"/Users/Danillo/development/projects/template_grunkle/src/theme/theme.utils.ts": {"path":"/Users/Danillo/development/projects/template_grunkle/src/theme/theme.utils.ts","statementMap":{"0":{"start":{"line":1,"column":21},"end":{"line":20,"column":1}},"1":{"start":{"line":3,"column":23},"end":{"line":3,"column":41}},"2":{"start":{"line":4,"column":23},"end":{"line":4,"column":44}},"3":{"start":{"line":5,"column":23},"end":{"line":5,"column":46}},"4":{"start":{"line":6,"column":23},"end":{"line":6,"column":47}},"5":{"start":{"line":7,"column":23},"end":{"line":7,"column":45}},"6":{"start":{"line":8,"column":23},"end":{"line":8,"column":66}},"7":{"start":{"line":9,"column":23},"end":{"line":9,"column":66}},"8":{"start":{"line":11,"column":23},"end":{"line":11,"column":40}},"9":{"start":{"line":12,"column":23},"end":{"line":12,"column":43}},"10":{"start":{"line":13,"column":23},"end":{"line":13,"column":45}},"11":{"start":{"line":14,"column":23},"end":{"line":14,"column":46}},"12":{"start":{"line":15,"column":23},"end":{"line":15,"column":44}},"13":{"start":{"line":16,"column":23},"end":{"line":16,"column":64}},"14":{"start":{"line":17,"column":23},"end":{"line":17,"column":64}},"15":{"start":{"line":19,"column":23},"end":{"line":19,"column":49}}},"fnMap":{"0":{"name":"(anonymous_0)","decl":{"start":{"line":3,"column":6},"end":{"line":3,"column":7}},"loc":{"start":{"line":3,"column":23},"end":{"line":3,"column":41}},"line":3},"1":{"name":"(anonymous_1)","decl":{"start":{"line":4,"column":6},"end":{"line":4,"column":7}},"loc":{"start":{"line":4,"column":23},"end":{"line":4,"column":44}},"line":4},"2":{"name":"(anonymous_2)","decl":{"start":{"line":5,"column":6},"end":{"line":5,"column":7}},"loc":{"start":{"line":5,"column":23},"end":{"line":5,"column":46}},"line":5},"3":{"name":"(anonymous_3)","decl":{"start":{"line":6,"column":6},"end":{"line":6,"column":7}},"loc":{"start":{"line":6,"column":23},"end":{"line":6,"column":47}},"line":6},"4":{"name":"(anonymous_4)","decl":{"start":{"line":7,"column":6},"end":{"line":7,"column":7}},"loc":{"start":{"line":7,"column":23},"end":{"line":7,"column":45}},"line":7},"5":{"name":"(anonymous_5)","decl":{"start":{"line":8,"column":6},"end":{"line":8,"column":7}},"loc":{"start":{"line":8,"column":23},"end":{"line":8,"column":66}},"line":8},"6":{"name":"(anonymous_6)","decl":{"start":{"line":9,"column":6},"end":{"line":9,"column":7}},"loc":{"start":{"line":9,"column":23},"end":{"line":9,"column":66}},"line":9},"7":{"name":"(anonymous_7)","decl":{"start":{"line":11,"column":6},"end":{"line":11,"column":7}},"loc":{"start":{"line":11,"column":23},"end":{"line":11,"column":40}},"line":11},"8":{"name":"(anonymous_8)","decl":{"start":{"line":12,"column":6},"end":{"line":12,"column":7}},"loc":{"start":{"line":12,"column":23},"end":{"line":12,"column":43}},"line":12},"9":{"name":"(anonymous_9)","decl":{"start":{"line":13,"column":6},"end":{"line":13,"column":7}},"loc":{"start":{"line":13,"column":23},"end":{"line":13,"column":45}},"line":13},"10":{"name":"(anonymous_10)","decl":{"start":{"line":14,"column":6},"end":{"line":14,"column":7}},"loc":{"start":{"line":14,"column":23},"end":{"line":14,"column":46}},"line":14},"11":{"name":"(anonymous_11)","decl":{"start":{"line":15,"column":6},"end":{"line":15,"column":7}},"loc":{"start":{"line":15,"column":23},"end":{"line":15,"column":44}},"line":15},"12":{"name":"(anonymous_12)","decl":{"start":{"line":16,"column":6},"end":{"line":16,"column":7}},"loc":{"start":{"line":16,"column":23},"end":{"line":16,"column":64}},"line":16},"13":{"name":"(anonymous_13)","decl":{"start":{"line":17,"column":6},"end":{"line":17,"column":7}},"loc":{"start":{"line":17,"column":23},"end":{"line":17,"column":64}},"line":17},"14":{"name":"(anonymous_14)","decl":{"start":{"line":19,"column":6},"end":{"line":19,"column":7}},"loc":{"start":{"line":19,"column":23},"end":{"line":19,"column":49}},"line":19}},"branchMap":{},"s":{"0":4,"1":8,"2":4,"3":4,"4":4,"5":4,"6":4,"7":4,"8":4,"9":4,"10":4,"11":4,"12":4,"13":4,"14":4,"15":8},"f":{"0":8,"1":4,"2":4,"3":4,"4":4,"5":4,"6":4,"7":4,"8":4,"9":4,"10":4,"11":4,"12":4,"13":4,"14":8},"b":{},"_coverageSchema":"1a1c01bbd47fc00a2c39e90264f33305004495a9","hash":"22d8123e20fc071231e2fe44e674c26a10fee7c1"}
,"/Users/Danillo/development/projects/template_grunkle/src/theme/z-indixes.ts": {"path":"/Users/Danillo/development/projects/template_grunkle/src/theme/z-indixes.ts","statementMap":{"0":{"start":{"line":1,"column":24},"end":{"line":7,"column":1}}},"fnMap":{},"branchMap":{},"s":{"0":4},"f":{},"b":{},"_coverageSchema":"1a1c01bbd47fc00a2c39e90264f33305004495a9","hash":"f89a05c8a85d90026cc6ee3b74806e72f3b485af"}
}
